2018-10-29 12:02:44 +0000  Initial pipeline context: <IDEDistributionProcessingPipelineContext: 0x7f91cfb808c0; archive(resolved)='<IDEArchive: 0x7f91cc5c1cd0>', distributionTask(resolved)='2', distributionDestination(resolved)='1', distributionMethod(resolved)='<IDEDistributionMethodiOSEnterprise: 0x7f91c774d070>', team(resolved)='<IDEProvisioningDisambiguatableBasicTeam: 0x7f91db39d640; teamID='XR94STYVQV', teamName='Sina Cangshi Fund Sales Co.,Ltd.', teamType='Enterprise', username='fendou0320@126.com', isFreeProvisioningTeam='0'>'>
	Chain (12, self inclusive):
	<IDEDistributionProcessingPipelineContext: 0x7f91cfb808c0; archive = '<IDEArchive: 0x7f91cc5c1cd0>', distributionMethod='<IDEDistributionMethodiOSEnterprise: 0x7f91c774d070>', team='<IDEProvisioningDisambiguatableBasicTeam: 0x7f91db39d640; teamID='XR94STYVQV', teamName='Sina Cangshi Fund Sales Co.,Ltd.', teamType='Enterprise', username='fendou0320@126.com', isFreeProvisioningTeam='0'>'>
	<IDEDistributionProcessingPipelineContext: 0x7f91ca5cea90; archive = '<IDEArchive: 0x7f91cc5c1cd0>', distributionMethod='<IDEDistributionMethodiOSEnterprise: 0x7f91c774d070>', team='<IDEProvisioningDisambiguatableBasicTeam: 0x7f91db39d640; teamID='XR94STYVQV', teamName='Sina Cangshi Fund Sales Co.,Ltd.', teamType='Enterprise', username='fendou0320@126.com', isFreeProvisioningTeam='0'>'>
	<IDEDistributionContext: 0x7f91f1f07580; archive = '<IDEArchive: 0x7f91cc5c1cd0>', distributionMethod='<IDEDistributionMethodiOSEnterprise: 0x7f91c774d070>', team='<IDEProvisioningDisambiguatableBasicTeam: 0x7f91db39d640; teamID='XR94STYVQV', teamName='Sina Cangshi Fund Sales Co.,Ltd.', teamType='Enterprise', username='fendou0320@126.com', isFreeProvisioningTeam='0'>'>
	<IDEDistributionContext: 0x7f91f4100000; archive = '<IDEArchive: 0x7f91cc5c1cd0>', distributionMethod='<IDEDistributionMethodiOSEnterprise: 0x7f91c774d070>', team='<IDEProvisioningDisambiguatableBasicTeam: 0x7f91db39d640; teamID='XR94STYVQV', teamName='Sina Cangshi Fund Sales Co.,Ltd.', teamType='Enterprise', username='fendou0320@126.com', isFreeProvisioningTeam='0'>'>
	<IDEDistributionContext: 0x7f91cfabcbb0; archive = '<IDEArchive: 0x7f91cc5c1cd0>', distributionMethod='<IDEDistributionMethodiOSEnterprise: 0x7f91c774d070>', team='<IDEProvisioningDisambiguatableBasicTeam: 0x7f91db39d640; teamID='XR94STYVQV', teamName='Sina Cangshi Fund Sales Co.,Ltd.', teamType='Enterprise', username='fendou0320@126.com', isFreeProvisioningTeam='0'>'>
	<IDEDistributionContext: 0x7f91fac735f0; archive = '<IDEArchive: 0x7f91cc5c1cd0>', distributionMethod='<IDEDistributionMethodiOSEnterprise: 0x7f91c774d070>', team='<IDEProvisioningDisambiguatableBasicTeam: 0x7f91db39d640; teamID='XR94STYVQV', teamName='Sina Cangshi Fund Sales Co.,Ltd.', teamType='Enterprise', username='fendou0320@126.com', isFreeProvisioningTeam='0'>'>
	<IDEDistributionContext: 0x7f91d93d0df0; archive = '<IDEArchive: 0x7f91cc5c1cd0>', distributionMethod='<IDEDistributionMethodiOSEnterprise: 0x7f91c774d070>', team='<IDEProvisioningDisambiguatableBasicTeam: 0x7f91db39d640; teamID='XR94STYVQV', teamName='Sina Cangshi Fund Sales Co.,Ltd.', teamType='Enterprise', username='fendou0320@126.com', isFreeProvisioningTeam='0'>'>
	<IDEDistributionContext: 0x7f91f6e54ab0; archive = '<IDEArchive: 0x7f91cc5c1cd0>', distributionMethod='<IDEDistributionMethodiOSEnterprise: 0x7f91c774d070>', team='<IDEProvisioningDisambiguatableBasicTeam: 0x7f91db39d640; teamID='XR94STYVQV', teamName='Sina Cangshi Fund Sales Co.,Ltd.', teamType='Enterprise', username='fendou0320@126.com', isFreeProvisioningTeam='0'>'>
	<IDEDistributionContext: 0x7f91c7ead330; archive = '<IDEArchive: 0x7f91cc5c1cd0>', distributionMethod='<IDEDistributionMethodiOSEnterprise: 0x7f91c774d070>', team='<IDEProvisioningDisambiguatableBasicTeam: 0x7f91db39d640; teamID='XR94STYVQV', teamName='Sina Cangshi Fund Sales Co.,Ltd.', teamType='Enterprise', username='fendou0320@126.com', isFreeProvisioningTeam='0'>'>
	<IDEDistributionContext: 0x7f91cfa97a20; archive = '<IDEArchive: 0x7f91cc5c1cd0>', distributionMethod='<IDEDistributionMethodiOSEnterprise: 0x7f91c774d070>', team='(null)'>
	<IDEDistributionContext: 0x7f91cbfd8000; archive = '<IDEArchive: 0x7f91cc5c1cd0>', distributionMethod='<IDEDistributionMethodiOSEnterprise: 0x7f91c774d070>', team='(null)'>
	<IDEDistributionContext: 0x7f91e395dd20; archive = '<IDEArchive: 0x7f91cc5c1cd0>', distributionMethod='(null)', team='(null)'>
</IDEDistributionProcessingPipelineContext: 0x7f91cfb808c0>
2018-10-29 12:02:44 +0000  Processing step: IDEDistributionCreateDestRootStep
2018-10-29 12:02:44 +0000  Processing step: IDEDistributionCopyItemStep
2018-10-29 12:02:44 +0000  Running /usr/bin/ditto '-V' '/Users/jiangliang/Library/Developer/Xcode/Archives/2018-10-29/SinaSecuritiesTest 2018-10-29 下午7.32.xcarchive/Products/Applications/SinaSecurities.app' '/var/folders/qs/9r0_w3c5787f6b5hwx2300bw0000gn/T/XcodeDistPipeline.J4E/Root/Payload/SinaSecurities.app'
2018-10-29 12:02:44 +0000  >>> Copying /Users/jiangliang/Library/Developer/Xcode/Archives/2018-10-29/SinaSecuritiesTest 2018-10-29 下午7.32.xcarchive/Products/Applications/SinaSecurities.app 
2018-10-29 12:02:44 +0000  copying file ./_CodeSignature/CodeResources ... 
2018-10-29 12:02:44 +0000  10252 bytes for ./_CodeSignature/CodeResources
2018-10-29 12:02:44 +0000  copying file ./jg_hud_error@3x.png ... 
2018-10-29 12:02:44 +0000  2093 bytes for ./jg_hud_error@3x.png
2018-10-29 12:02:44 +0000  copying file ./WeiboSDK.bundle/images/common_button_white_highlighted@2x.png ... 
2018-10-29 12:02:44 +0000  378 bytes for ./WeiboSDK.bundle/images/common_button_white_highlighted@2x.png
copying file ./WeiboSDK.bundle/images/common_button_white@2x.png ... 
2018-10-29 12:02:44 +0000  367 bytes for ./WeiboSDK.bundle/images/common_button_white@2x.png
2018-10-29 12:02:44 +0000  copying file ./WeiboSDK.bundle/images/empty_failed@2x.png ... 
2018-10-29 12:02:44 +0000  4136 bytes for ./WeiboSDK.bundle/images/empty_failed@2x.png
2018-10-29 12:02:44 +0000  copying file ./WeiboSDK.bundle/others/mfp.cer ... 
2018-10-29 12:02:44 +0000  577 bytes for ./WeiboSDK.bundle/others/mfp.cer
copying file ./jg_hud_error@2x.png ... 
2018-10-29 12:02:44 +0000  4733 bytes for ./jg_hud_error@2x.png
copying file ./jg_hud_success.png ... 
2018-10-29 12:02:44 +0000  3683 bytes for ./jg_hud_success.png
2018-10-29 12:02:44 +0000  copying file ./MJRefresh.bundle/zh-Hans.lproj/Localizable.strings ... 
2018-10-29 12:02:44 +0000  1194 bytes for ./MJRefresh.bundle/zh-Hans.lproj/Localizable.strings
2018-10-29 12:02:44 +0000  copying file ./MJRefresh.bundle/en.lproj/Localizable.strings ... 
2018-10-29 12:02:44 +0000  1372 bytes for ./MJRefresh.bundle/en.lproj/Localizable.strings
2018-10-29 12:02:44 +0000  copying file ./MJRefresh.bundle/arrow@2x.png ... 
2018-10-29 12:02:44 +0000  1033 bytes for ./MJRefresh.bundle/arrow@2x.png
2018-10-29 12:02:44 +0000  copying file ./MJRefresh.bundle/zh-Hant.lproj/Localizable.strings ... 
2018-10-29 12:02:44 +0000  773 bytes for ./MJRefresh.bundle/zh-Hant.lproj/Localizable.strings
2018-10-29 12:02:44 +0000  copying file ./Base.lproj/Main.storyboardc/UIViewController-BYZ-38-t0r.nib ... 
2018-10-29 12:02:44 +0000  916 bytes for ./Base.lproj/Main.storyboardc/UIViewController-BYZ-38-t0r.nib
2018-10-29 12:02:44 +0000  copying file ./Base.lproj/Main.storyboardc/BYZ-38-t0r-view-8bC-Xf-vdC.nib ... 
2018-10-29 12:02:44 +0000  1791 bytes for ./Base.lproj/Main.storyboardc/BYZ-38-t0r-view-8bC-Xf-vdC.nib
2018-10-29 12:02:44 +0000  copying file ./Base.lproj/Main.storyboardc/Info.plist ... 
2018-10-29 12:02:44 +0000  258 bytes for ./Base.lproj/Main.storyboardc/Info.plist
2018-10-29 12:02:44 +0000  copying file ./Base.lproj/LaunchScreen.storyboardc/01J-lp-oVM-view-Ze5-6b-2t3.nib ... 
2018-10-29 12:02:44 +0000  1790 bytes for ./Base.lproj/LaunchScreen.storyboardc/01J-lp-oVM-view-Ze5-6b-2t3.nib
2018-10-29 12:02:44 +0000  copying file ./Base.lproj/LaunchScreen.storyboardc/UIViewController-01J-lp-oVM.nib ... 
2018-10-29 12:02:44 +0000  832 bytes for ./Base.lproj/LaunchScreen.storyboardc/UIViewController-01J-lp-oVM.nib
copying file ./Base.lproj/LaunchScreen.storyboardc/Info.plist ... 
2018-10-29 12:02:44 +0000  258 bytes for ./Base.lproj/LaunchScreen.storyboardc/Info.plist
2018-10-29 12:02:44 +0000  copying file ./jr_noNetWork.html ... 
2018-10-29 12:02:44 +0000  4338 bytes for ./jr_noNetWork.html
copying file ./Assets.car ... 
2018-10-29 12:02:44 +0000  2881760 bytes for ./Assets.car
copying file ./jg_hud_success@3x.png ... 
2018-10-29 12:02:44 +0000  2214 bytes for ./jg_hud_success@3x.png
copying file ./jg_hud_success@2x.png ... 
2018-10-29 12:02:44 +0000  4396 bytes for ./jg_hud_success@2x.png
copying file ./SinaSecurities ... 
2018-10-29 12:02:44 +0000  14035056 bytes for ./SinaSecurities
copying file ./jg_hud_error.png ... 
2018-10-29 12:02:44 +0000  3727 bytes for ./jg_hud_error.png
2018-10-29 12:02:44 +0000  copying file ./embedded.mobileprovision ... 
2018-10-29 12:02:44 +0000  10811 bytes for ./embedded.mobileprovision
2018-10-29 12:02:44 +0000  copying file ./Info.plist ... 
2018-10-29 12:02:44 +0000  1667 bytes for ./Info.plist
copying file ./PkgInfo ... 
2018-10-29 12:02:44 +0000  8 bytes for ./PkgInfo
2018-10-29 12:02:44 +0000  /usr/bin/ditto exited with 0
2018-10-29 12:02:44 +0000  Processing step: IDEDistributionEmbedProfileStep
2018-10-29 12:02:44 +0000  Processing step: IDEDistributionAppThinningPlistStep
2018-10-29 12:02:44 +0000  Skipping step: IDEDistributionAppThinningPlistStep because it said so
2018-10-29 12:02:44 +0000  Processing step: IDEDistributionCompileBitcodeStep
2018-10-29 12:02:44 +0000  Skipping step: IDEDistributionCompileBitcodeStep because it said so
2018-10-29 12:02:45 +0000  Processing step: IDEDistributionCodeSlimmingStep
2018-10-29 12:02:45 +0000  Processing step: IDEDistributionCopyBCSymbolMapsStep
2018-10-29 12:02:45 +0000  Skipping step: IDEDistributionCopyBCSymbolMapsStep because it said so
2018-10-29 12:02:45 +0000  Processing step: IDEDistributionSymbolsStep
2018-10-29 12:02:45 +0000  Skipping step: IDEDistributionSymbolsStep because it said so
2018-10-29 12:02:45 +0000  Processing step: IDEDistributionAppThinningStep
2018-10-29 12:02:45 +0000  Skipping step: IDEDistributionAppThinningStep because it said so
2018-10-29 12:02:45 +0000  Processing step: IDEDistributionODRStep
2018-10-29 12:02:45 +0000  Processing step: IDEDistributionStripXattrsStep
2018-10-29 12:02:45 +0000  Running /usr/bin/xattr '-crs' '/var/folders/qs/9r0_w3c5787f6b5hwx2300bw0000gn/T/XcodeDistPipeline.J4E/Root/Payload/SinaSecurities.app'
2018-10-29 12:02:45 +0000  /usr/bin/xattr exited with 0
2018-10-29 12:02:45 +0000  Processing step: IDEDistributionCodesignStep
2018-10-29 12:02:45 +0000  Entitlements for <IDEDistributionItem: 0x7f91d883d5f0 'com.sina.sinasecurities.inhouse' '<DVTFilePath:0x7f91f1e165b0:'/Users/jiangliang/Library/Developer/Xcode/Archives/2018-10-29/SinaSecuritiesTest 2018-10-29 下午7.32.xcarchive/Products/Applications/SinaSecurities.app'>'>: {
    "application-identifier" = "XR94STYVQV.com.sina.sinasecurities.inhouse";
    "aps-environment" = production;
    "com.apple.developer.team-identifier" = XR94STYVQV;
    "get-task-allow" = 0;
}
2018-10-29 12:02:45 +0000  Writing entitlements for <IDEDistributionItem: 0x7f91d883d5f0 'com.sina.sinasecurities.inhouse' '<DVTFilePath:0x7f91f1e165b0:'/Users/jiangliang/Library/Developer/Xcode/Archives/2018-10-29/SinaSecuritiesTest 2018-10-29 下午7.32.xcarchive/Products/Applications/SinaSecurities.app'>'> to: /var/folders/qs/9r0_w3c5787f6b5hwx2300bw0000gn/T/XcodeDistPipeline.J4E/entitlementsnfjwKL
2018-10-29 12:02:45 +0000  Running /usr/bin/codesign '-vvv' '--force' '--sign' '7DB85D29126737F142425D268013FD961C8763CB' '--entitlements' '/var/folders/qs/9r0_w3c5787f6b5hwx2300bw0000gn/T/XcodeDistPipeline.J4E/entitlementsnfjwKL' '--preserve-metadata=identifier,flags,runtime' '/var/folders/qs/9r0_w3c5787f6b5hwx2300bw0000gn/T/XcodeDistPipeline.J4E/Root/Payload/SinaSecurities.app'
2018-10-29 12:02:45 +0000  /var/folders/qs/9r0_w3c5787f6b5hwx2300bw0000gn/T/XcodeDistPipeline.J4E/Root/Payload/SinaSecurities.app: replacing existing signature
2018-10-29 12:02:45 +0000  /var/folders/qs/9r0_w3c5787f6b5hwx2300bw0000gn/T/XcodeDistPipeline.J4E/Root/Payload/SinaSecurities.app: signed app bundle with Mach-O universal (armv7 arm64) [com.sina.sinasecurities.inhouse]
2018-10-29 12:02:45 +0000  /usr/bin/codesign exited with 0
2018-10-29 12:02:45 +0000  Processing step: IDEDistributionZipODRItemStep
2018-10-29 12:02:45 +0000  Skipping step: IDEDistributionZipODRItemStep because it said so
2018-10-29 12:02:45 +0000  Processing step: IDEDistributionCreateIPAStep
2018-10-29 12:02:45 +0000  Running /usr/bin/ditto '-V' '-c' '-k' '--norsrc' '/var/folders/qs/9r0_w3c5787f6b5hwx2300bw0000gn/T/XcodeDistPipeline.J4E/Root' '/var/folders/qs/9r0_w3c5787f6b5hwx2300bw0000gn/T/XcodeDistPipeline.J4E/Packages/SinaSecuritiesTest.ipa'
2018-10-29 12:02:45 +0000  >>> Copying /var/folders/qs/9r0_w3c5787f6b5hwx2300bw0000gn/T/XcodeDistPipeline.J4E/Root 
2018-10-29 12:02:45 +0000  copying file ./Payload/SinaSecurities.app/_CodeSignature/CodeResources ... 
2018-10-29 12:02:45 +0000  10252 bytes for ./Payload/SinaSecurities.app/_CodeSignature/CodeResources
copying file ./Payload/SinaSecurities.app/jg_hud_error@3x.png ... 
2018-10-29 12:02:45 +0000  2093 bytes for ./Payload/SinaSecurities.app/jg_hud_error@3x.png
2018-10-29 12:02:45 +0000  copying file ./Payload/SinaSecurities.app/WeiboSDK.bundle/images/common_button_white_highlighted@2x.png ... 
2018-10-29 12:02:45 +0000  378 bytes for ./Payload/SinaSecurities.app/WeiboSDK.bundle/images/common_button_white_highlighted@2x.png
copying file ./Payload/SinaSecurities.app/WeiboSDK.bundle/images/common_button_white@2x.png ... 
367 bytes for ./Payload/SinaSecurities.app/WeiboSDK.bundle/images/common_button_white@2x.png
copying file ./Payload/SinaSecurities.app/WeiboSDK.bundle/images/empty_failed@2x.png ... 
2018-10-29 12:02:45 +0000  4136 bytes for ./Payload/SinaSecurities.app/WeiboSDK.bundle/images/empty_failed@2x.png
2018-10-29 12:02:45 +0000  copying file ./Payload/SinaSecurities.app/WeiboSDK.bundle/others/mfp.cer ... 
577 bytes for ./Payload/SinaSecurities.app/WeiboSDK.bundle/others/mfp.cer
copying file ./Payload/SinaSecurities.app/jg_hud_error@2x.png ... 
2018-10-29 12:02:45 +0000  4733 bytes for ./Payload/SinaSecurities.app/jg_hud_error@2x.png
copying file ./Payload/SinaSecurities.app/jg_hud_success.png ... 
2018-10-29 12:02:45 +0000  3683 bytes for ./Payload/SinaSecurities.app/jg_hud_success.png
copying file ./Payload/SinaSecurities.app/MJRefresh.bundle/zh-Hans.lproj/Localizable.strings ... 
2018-10-29 12:02:45 +0000  1194 bytes for ./Payload/SinaSecurities.app/MJRefresh.bundle/zh-Hans.lproj/Localizable.strings
copying file ./Payload/SinaSecurities.app/MJRefresh.bundle/en.lproj/Localizable.strings ... 
1372 bytes for ./Payload/SinaSecurities.app/MJRefresh.bundle/en.lproj/Localizable.strings
2018-10-29 12:02:45 +0000  copying file ./Payload/SinaSecurities.app/MJRefresh.bundle/arrow@2x.png ... 
1033 bytes for ./Payload/SinaSecurities.app/MJRefresh.bundle/arrow@2x.png
2018-10-29 12:02:45 +0000  copying file ./Payload/SinaSecurities.app/MJRefresh.bundle/zh-Hant.lproj/Localizable.strings ... 
773 bytes for ./Payload/SinaSecurities.app/MJRefresh.bundle/zh-Hant.lproj/Localizable.strings
copying file ./Payload/SinaSecurities.app/Base.lproj/Main.storyboardc/UIViewController-BYZ-38-t0r.nib ... 
2018-10-29 12:02:45 +0000  916 bytes for ./Payload/SinaSecurities.app/Base.lproj/Main.storyboardc/UIViewController-BYZ-38-t0r.nib
copying file ./Payload/SinaSecurities.app/Base.lproj/Main.storyboardc/BYZ-38-t0r-view-8bC-Xf-vdC.nib ... 
2018-10-29 12:02:45 +0000  1791 bytes for ./Payload/SinaSecurities.app/Base.lproj/Main.storyboardc/BYZ-38-t0r-view-8bC-Xf-vdC.nib
copying file ./Payload/SinaSecurities.app/Base.lproj/Main.storyboardc/Info.plist ... 
2018-10-29 12:02:45 +0000  258 bytes for ./Payload/SinaSecurities.app/Base.lproj/Main.storyboardc/Info.plist
copying file ./Payload/SinaSecurities.app/Base.lproj/LaunchScreen.storyboardc/01J-lp-oVM-view-Ze5-6b-2t3.nib ... 
2018-10-29 12:02:45 +0000  1790 bytes for ./Payload/SinaSecurities.app/Base.lproj/LaunchScreen.storyboardc/01J-lp-oVM-view-Ze5-6b-2t3.nib
copying file ./Payload/SinaSecurities.app/Base.lproj/LaunchScreen.storyboardc/UIViewController-01J-lp-oVM.nib ... 
2018-10-29 12:02:45 +0000  832 bytes for ./Payload/SinaSecurities.app/Base.lproj/LaunchScreen.storyboardc/UIViewController-01J-lp-oVM.nib
copying file ./Payload/SinaSecurities.app/Base.lproj/LaunchScreen.storyboardc/Info.plist ... 
258 bytes for ./Payload/SinaSecurities.app/Base.lproj/LaunchScreen.storyboardc/Info.plist
2018-10-29 12:02:45 +0000  copying file ./Payload/SinaSecurities.app/jr_noNetWork.html ... 
4338 bytes for ./Payload/SinaSecurities.app/jr_noNetWork.html
2018-10-29 12:02:45 +0000  copying file ./Payload/SinaSecurities.app/Assets.car ... 
2018-10-29 12:02:45 +0000  2881760 bytes for ./Payload/SinaSecurities.app/Assets.car
copying file ./Payload/SinaSecurities.app/jg_hud_success@3x.png ... 
2018-10-29 12:02:45 +0000  2214 bytes for ./Payload/SinaSecurities.app/jg_hud_success@3x.png
copying file ./Payload/SinaSecurities.app/jg_hud_success@2x.png ... 
4396 bytes for ./Payload/SinaSecurities.app/jg_hud_success@2x.png
copying file ./Payload/SinaSecurities.app/SinaSecurities ... 
2018-10-29 12:02:46 +0000  14035072 bytes for ./Payload/SinaSecurities.app/SinaSecurities
copying file ./Payload/SinaSecurities.app/jg_hud_error.png ... 
2018-10-29 12:02:46 +0000  3727 bytes for ./Payload/SinaSecurities.app/jg_hud_error.png
copying file ./Payload/SinaSecurities.app/embedded.mobileprovision ... 
7655 bytes for ./Payload/SinaSecurities.app/embedded.mobileprovision
copying file ./Payload/SinaSecurities.app/Info.plist ... 
1667 bytes for ./Payload/SinaSecurities.app/Info.plist
copying file ./Payload/SinaSecurities.app/PkgInfo ... 
8 bytes for ./Payload/SinaSecurities.app/PkgInfo
2018-10-29 12:02:46 +0000  /usr/bin/ditto exited with 0
2018-10-29 12:02:46 +0000  Processing step: IDEDistributionAppStoreInformationStep
2018-10-29 12:02:46 +0000  Skipping step: IDEDistributionAppStoreInformationStep because it said so
2018-10-29 12:02:46 +0000  Processing step: IDEDistributionCreateManifestStep
